<?xml version="1.0" encoding="UTF-8"?>
<testng-results skipped="0" failed="0" total="2" passed="2">
  <reporter-output>
  </reporter-output>
  <suite name="JenkinsDemoTest" duration-ms="102031" started-at="2018-07-03T08:57:00Z" finished-at="2018-07-03T08:58:43Z">
    <groups>
    </groups>
    <test name="Command line test" duration-ms="102031" started-at="2018-07-03T08:57:00Z" finished-at="2018-07-03T08:58:43Z">
      <class name="JenkinsDemoTest">
        <test-method status="PASS" signature="login(java.lang.String, java.lang.String)[pri:0, instance:JenkinsDemoTest@7f690630]" name="login" duration-ms="49073" started-at="2018-07-03T14:27:00Z" data-provider="getdata" finished-at="2018-07-03T14:27:50Z">
          <params>
            <param index="0">
              <value>
                <![CDATA[username]]>
              </value>
            </param>
            <param index="1">
              <value>
                <![CDATA[password]]>
              </value>
            </param>
          </params>
          <reporter-output>
          </reporter-output>
        </test-method> <!-- login -->
        <test-method status="PASS" signature="login(java.lang.String, java.lang.String)[pri:0, instance:JenkinsDemoTest@7f690630]" name="login" duration-ms="52946" started-at="2018-07-03T14:27:50Z" data-provider="getdata" finished-at="2018-07-03T14:28:43Z">
          <params>
            <param index="0">
              <value>
                <![CDATA[username1]]>
              </value>
            </param>
            <param index="1">
              <value>
                <![CDATA[password1]]>
              </value>
            </param>
          </params>
          <reporter-output>
          </reporter-output>
        </test-method> <!-- login -->
      </class> <!-- JenkinsDemoTest -->
    </test> <!-- Command line test -->
  </suite> <!-- JenkinsDemoTest -->
</testng-results>
